<?xml version="1.0" encoding="UTF-8"?>
<con:soapui-project activeEnvironment="Default" name="Test REST" resourceRoot="" soapui-version="5.2.1" id="a9ccb589-6521-4a31-a4d0-1729db6d6660" abortOnError="false" runType="SEQUENTIAL" xmlns:con="http://eviware.com/soapui/config"><con:settings/><con:interface xsi:type="con:RestService" wadlVersion="http://wadl.dev.java.net/2009/02" name="Whabed" type="rest" id="b4c195bd-40e7-4687-93d1-fd79512a6e1d" xmlns:xsi="http://www.w3.org/2001/XMLSchema-instance"><con:settings/><con:definitionCache type="TEXT" rootPart=""/><con:endpoints><con:endpoint>http://localhost:8080/whabed</con:endpoint><con:endpoint>http://localhost:8088/mockwhabed</con:endpoint><con:endpoint>http://snl09705:8080/</con:endpoint></con:endpoints><con:resource name="Deployment" path="/deployment" id="309ad286-ef53-4665-a83b-5f218ebcdc84"><con:settings/><con:parameters/><con:resource name="byComponent" path="byComponent/{component}/{version}.json" id="70d7c5c7-501f-4467-bdd2-347eea79cd98"><con:settings/><con:parameters><con:parameter required="true"><con:name>component</con:name><con:value>component</con:value><con:style>TEMPLATE</con:style><con:default>component</con:default></con:parameter><con:parameter required="true"><con:name>version</con:name><con:value>version</con:value><con:style>TEMPLATE</con:style><con:default>version</con:default></con:parameter></con:parameters><con:method name="byComponent" method="GET" id="16752133-3d9a-4931-a4d7-153a7ea62696"><con:settings/><con:parameters/><con:representation type="FAULT"><con:mediaType>text/html;charset=UTF-8</con:mediaType><con:status>404</con:status><con:params/><con:element>html</con:element></con:representation><con:representation type="RESPONSE"><con:mediaType>application/json;charset=UTF-8</con:mediaType><con:status>200</con:status><con:params/><con:element xmlns:json="http://localhost/whabed/deployment/testREST/1.2.json">json:Response</con:element></con:representation><con:representation type="RESPONSE"><con:mediaType>text/html;charset=UTF-8</con:mediaType><con:status>200</con:status><con:params/><con:element>html</con:element></con:representation><con:representation type="FAULT"><con:mediaType xsi:nil="true"/><con:status>404</con:status><con:params/><con:element>data</con:element></con:representation><con:representation type="FAULT"><con:mediaType xsi:nil="true"/><con:status>404</con:status><con:params/><con:element>data</con:element></con:representation><con:representation type="RESPONSE"><con:mediaType>application/json</con:mediaType><con:status>200</con:status><con:params/><con:element xmlns:json="http://localhost/whabed/deployment/testREST/1.2.json">json:Response</con:element></con:representation><con:representation type="RESPONSE"><con:mediaType>text/html; charset=iso-8859-1</con:mediaType><con:status>200</con:status><con:params/><con:element>html</con:element></con:representation><con:request name="deploymentsForTestREST1.2 Request" mediaType="application/json" id="fa1fb974-b1b9-4216-8a9d-4db94af30951"><con:settings><con:setting id="com.eviware.soapui.impl.wsdl.WsdlRequest@request-headers">&lt;xml-fragment/></con:setting></con:settings><con:endpoint>http://localhost:8080/whabed</con:endpoint><con:request/><con:originalUri>http://localhost/whabed/deployment/testREST/1.2.json</con:originalUri><con:credentials><con:authType>No Authorization</con:authType></con:credentials><con:jmsConfig JMSDeliveryMode="PERSISTENT"/><con:jmsPropertyConfig/><con:parameters>
  <con:entry key="component" value="testREST"/>
  <con:entry key="version" value="1.2"/>
</con:parameters></con:request><con:request name="deploymentsForTestREST1.3 Request" mediaType="application/json" id="6def5459-e66b-4fd4-88de-76c2951eb1d1"><con:settings/><con:endpoint>http://localhost:8080/whabed</con:endpoint><con:request/><con:credentials><con:authType>No Authorization</con:authType></con:credentials><con:jmsConfig JMSDeliveryMode="PERSISTENT"/><con:jmsPropertyConfig/><con:parameters>
  <con:entry key="component" value="testREST"/>
  <con:entry key="version" value="1.3"/>
</con:parameters></con:request></con:method></con:resource><con:resource name="byEnvironment" path="byEnvironment/{environment}/{qualifier}.json" id="8a33e13d-b749-4016-bdff-883708734ae9"><con:settings/><con:parameters><con:parameter><con:name>environment</con:name><con:value>environment</con:value><con:style>TEMPLATE</con:style><con:default>environment</con:default></con:parameter><con:parameter><con:name>qualifier</con:name><con:value>qualifier</con:value><con:style>TEMPLATE</con:style><con:default>qualifier</con:default></con:parameter></con:parameters><con:method name="byEnvironment" method="GET" id="3f43faa6-a9e3-49a8-b085-01c2689b44b1"><con:settings/><con:parameters><con:parameter required="true"><con:name>startDate</con:name><con:value>2013-09-25</con:value><con:style>QUERY</con:style><con:default>2013-09-25</con:default></con:parameter><con:parameter required="true"><con:name>endDate</con:name><con:value>2013-09-27</con:value><con:style>QUERY</con:style><con:default>2013-09-27</con:default></con:parameter></con:parameters><con:representation type="RESPONSE"><con:mediaType>application/json</con:mediaType><con:status>200</con:status><con:params/></con:representation><con:representation type="FAULT"><con:mediaType xsi:nil="true"/><con:status>404</con:status><con:params/><con:element>data</con:element></con:representation><con:request name="deploymentsForQUALIF2cdsm Request" mediaType="application/json" id="6e616542-8eaf-4e30-81f5-b840c1022c93"><con:settings/><con:endpoint>http://localhost:8080/whabed</con:endpoint><con:request/><con:credentials><con:authType>No Authorization</con:authType></con:credentials><con:jmsConfig JMSDeliveryMode="PERSISTENT"/><con:jmsPropertyConfig/><con:parameters>
  <con:entry key="environment" value="QUALIF2"/>
  <con:entry key="qualifier" value="cdsm"/>
</con:parameters><con:parameterOrder><con:entry>environment</con:entry><con:entry>qualifier</con:entry><con:entry>startDate</con:entry><con:entry>endDate</con:entry></con:parameterOrder></con:request></con:method></con:resource><con:method name="create" method="POST" id="523b52b4-ca12-4913-b513-81973eea14bd"><con:settings/><con:parameters/><con:representation type="FAULT"><con:mediaType>text/html;charset=UTF-8</con:mediaType><con:status>404 500</con:status><con:params/><con:element>html</con:element></con:representation><con:representation type="RESPONSE"><con:mediaType>application/json;charset=UTF-8</con:mediaType><con:status>200</con:status><con:params/><con:element>Response</con:element></con:representation><con:representation type="REQUEST"><con:mediaType>application/json</con:mediaType><con:params/></con:representation><con:request name="testREST Request" mediaType="application/json" postQueryString="false" id="6519dbdc-b4b9-49db-9ccc-65490e066827"><con:settings><con:setting id="com.eviware.soapui.impl.wsdl.WsdlRequest@request-headers">&lt;entry key="Content-Type" value="application/json" xmlns="http://eviware.com/soapui/config"/></con:setting></con:settings><con:endpoint>http://localhost:8080/whabed</con:endpoint><con:request>{
"component" : {"name":"testREST", "version":"1.2"}, 
"environment" : {"name":"QUALIF2", "qualifier":"p9"}, 
"agent" : {"name":"soapui", "version":"5.0.0"}
}</con:request><con:originalUri>http://localhost/whabed/deployment</con:originalUri><con:credentials><con:authType>No Authorization</con:authType></con:credentials><con:jmsConfig JMSDeliveryMode="PERSISTENT"/><con:jmsPropertyConfig/><con:parameters/></con:request></con:method></con:resource></con:interface><con:testSuite name="TestSuite from Request" id="d2f43d7a-d43e-485a-b32c-8d31fa22ad5e"><con:settings/><con:runType>SEQUENTIAL</con:runType><con:testCase failOnError="true" failTestCaseOnErrors="true" keepSession="false" maxResults="0" name="TestCase 1" searchProperties="true" id="6779e7d6-8442-41f0-886e-ef645a2b4729"><con:settings/><con:testStep type="restrequest" name="deploymentsForTestREST1.2 Request" id="758c3fd1-28d6-4da4-ba0d-7514be94357f"><con:settings/><con:config service="Whabed" resourcePath="/deployment/byComponent/{component}/{version}.json" methodName="byComponent" xsi:type="con:RestRequestStep" xmlns:xsi="http://www.w3.org/2001/XMLSchema-instance"><con:restRequest name="deploymentsForTestREST1.2 Request" mediaType="application/json" id="5d299958-b6b9-414f-aa69-d2043a780f1f"><con:settings><con:setting id="com.eviware.soapui.impl.wsdl.WsdlRequest@request-headers">&lt;xml-fragment/></con:setting></con:settings><con:endpoint>http://localhost:8088/mockwhabed</con:endpoint><con:request/><con:originalUri>http://localhost/whabed/deployment/testREST/1.2.json</con:originalUri><con:assertion type="Valid HTTP Status Codes" name="Valid HTTP Status Codes" id="f978640e-507b-4bc2-b0c2-4463e77f4871"><con:configuration><codes>200</codes></con:configuration></con:assertion><con:assertion type="Simple Contains" name="Contains" id="8d1a3950-418d-45f9-9886-9427cf364262"><con:configuration><token>(?s).*deployments.*</token><ignoreCase>false</ignoreCase><useRegEx>true</useRegEx></con:configuration></con:assertion><con:assertion type="GroovyScriptAssertion" name="Script Assertion" id="e8d1305f-d162-418c-8604-32e5a22dde32"><con:configuration><scriptText>import com.eviware.soapui.support.XmlHolder

assert messageExchange.responseHeaders["Content-Type"].contains("application/json;charset=UTF-8")

log.info messageExchange.responseContentAsXml

def holder = new XmlHolder(messageExchange.responseContentAsXml)
holder.namespaces["tns"] = "http://localhost/whabed/deployment/testREST/1.2.json"

assert holder["count(//tns:deployments/tns:e)"] == "7"</scriptText></con:configuration></con:assertion><con:credentials><con:authType>No Authorization</con:authType></con:credentials><con:jmsConfig JMSDeliveryMode="PERSISTENT"/><con:jmsPropertyConfig/><con:parameters>
  <con:entry key="component" value="testREST"/>
  <con:entry key="version" value="1.2"/>
</con:parameters></con:restRequest></con:config></con:testStep><con:testStep type="restrequest" name="deploymentsForTestREST1.3 Request" id="9d2eccbc-6dda-42fd-9eda-51fcf43266c4"><con:settings/><con:config service="Whabed" resourcePath="/deployment/byComponent/{component}/{version}.json" methodName="byComponent" xsi:type="con:RestRequestStep" xmlns:xsi="http://www.w3.org/2001/XMLSchema-instance"><con:restRequest name="deploymentsForTestREST1.3 Request" mediaType="application/json" id="b6aa3137-a2e9-43a5-9a8c-59d7c0bd52f1"><con:settings/><con:endpoint>http://localhost:8080/whabed</con:endpoint><con:request/><con:assertion type="Valid HTTP Status Codes" name="Valid HTTP Status Codes" id="5fee0366-1ec6-462a-97c7-be7824098c1e"><con:configuration><codes>200</codes></con:configuration></con:assertion><con:credentials><con:authType>No Authorization</con:authType></con:credentials><con:jmsConfig JMSDeliveryMode="PERSISTENT"/><con:jmsPropertyConfig/><con:parameters>
  <con:entry key="component" value="testREST"/>
  <con:entry key="version" value="1.3"/>
</con:parameters></con:restRequest></con:config></con:testStep><con:testStep type="restrequest" name="deploymentsForQUALIF2cdsm Request" id="76db708f-1616-40dc-9642-f2cf73b07964"><con:settings/><con:config service="Whabed" methodName="byEnvironment" resourcePath="/deployment/byEnvironment/{environment}/{qualifier}.json" xsi:type="con:RestRequestStep" xmlns:xsi="http://www.w3.org/2001/XMLSchema-instance"><con:restRequest name="deploymentsForQUALIF2cdsm Request" mediaType="application/json" id="d77f40af-a79c-4716-82fb-020e18164b13"><con:settings><con:setting id="com.eviware.soapui.impl.wsdl.WsdlRequest@request-headers">&lt;xml-fragment/></con:setting></con:settings><con:encoding>UTF-8</con:encoding><con:endpoint>http://localhost:8088/mockwhabed</con:endpoint><con:request/><con:originalUri>http://localhost/mockwhabed/deployment/byEnvironment/QUALIF2/cdsm.json</con:originalUri><con:credentials><con:authType>No Authorization</con:authType></con:credentials><con:jmsConfig JMSDeliveryMode="PERSISTENT"/><con:jmsPropertyConfig/><con:parameters>
  <con:entry key="startDate" value="2013-09-25"/>
  <con:entry key="environment" value="QUALIF2"/>
  <con:entry key="endDate" value="2013-09-27"/>
  <con:entry key="qualifier" value="cdsm"/>
</con:parameters></con:restRequest></con:config></con:testStep><con:testStep type="restrequest" name="deploymentsForQUALIF2cdsm2 Request" id="7a51ecae-22df-4117-bd77-5e2c28430bfc"><con:settings/><con:config service="Whabed" methodName="byEnvironment" resourcePath="/deployment/byEnvironment/{environment}/{qualifier}.json" xsi:type="con:RestRequestStep" xmlns:xsi="http://www.w3.org/2001/XMLSchema-instance"><con:restRequest name="deploymentsForQUALIF2cdsm2 Request" mediaType="application/json" id="5d57178d-e1bd-4ff6-82f8-56d28b9d675e"><con:settings><con:setting id="com.eviware.soapui.impl.wsdl.WsdlRequest@request-headers">&lt;xml-fragment/></con:setting></con:settings><con:encoding>UTF-8</con:encoding><con:endpoint>http://localhost:8088/mockwhabed</con:endpoint><con:request/><con:originalUri>http://localhost/mockwhabed/deployment/byEnvironment/QUALIF2/cdsm.json</con:originalUri><con:credentials><con:authType>No Authorization</con:authType></con:credentials><con:jmsConfig JMSDeliveryMode="PERSISTENT"/><con:jmsPropertyConfig/><con:parameters>
  <con:entry key="startDate" value="2013-10-25"/>
  <con:entry key="environment" value="QUALIF2"/>
  <con:entry key="endDate" value="2013-10-27"/>
  <con:entry key="qualifier" value="cdsm"/>
</con:parameters></con:restRequest></con:config></con:testStep><con:properties/></con:testCase><con:properties/></con:testSuite><con:restMockService port="8088" path="/mockwhabed" host="snl09705" name="Whabed MockService" docroot="" id="a7226a23-772f-402c-a45f-e8647fe3084f"><con:settings/><con:properties><con:property><con:name>version</con:name><con:value>0.0.1</con:value></con:property></con:properties><con:restMockAction name="/deployment" method="POST" resourcePath="/deployment" id="1a36ef3b-42b4-4fcc-938d-52a9509cb544"><con:settings/><con:defaultResponse>testREST Response</con:defaultResponse><con:dispatchStyle>SEQUENCE</con:dispatchStyle><con:dispatchPath>/*
// Examples showing how to match based on path, query param and header
// Match based on path
def requestPath = mockRequest.getPath()
log.info "Path: "+ requestPath

if( requestPath.contains("json") )
{
    // return the name of the response you want to dispatch
    return "JSON Response"
}


// Match based on query parameter
def queryString = mockRequest.getRequest().getQueryString()
log.info "QueryString: " + queryString

if( queryString.contains("stockholm") )
{
    // return the name of the response you want to dispatch
    return "Response Stockholm"
}
else if( queryString.contains("london") )
{
    // return the name of the response you want to dispatch
    return "Response London"
}


// Match based on header
def acceptEncodingHeadeList = mockRequest.getRequestHeaders().get("Accept-Encoding")
log.info "AcceptEncodig Header List: " + acceptEncodingHeadeList

if( acceptEncodingHeadeList.contains("gzip,deflate") )
{
    // return the name of the response you want to dispatch
    return "GZiped Response"
}

*/
</con:dispatchPath><con:response name="testREST Response" httpResponseStatus="200" mediaType="application/json" id="f2578599-31ee-4c57-9bd7-e9284b9c2724"><con:settings/><con:responseContent>{}</con:responseContent></con:response></con:restMockAction><con:restMockAction name="/deployment/byComponent/{component}/{version}.json" method="GET" resourcePath="/deployment/byComponent/testREST/1.2.json" id="a39a4cee-4a6c-4863-9c94-79045ccae945"><con:settings/><con:defaultResponse xsi:nil="true" xmlns:xsi="http://www.w3.org/2001/XMLSchema-instance"/><con:dispatchStyle>SEQUENCE</con:dispatchStyle><con:dispatchPath>/*
// Examples showing how to match based on path, query param and header
// Match based on path
def requestPath = mockRequest.getPath()
log.info "Path: "+ requestPath

if( requestPath.contains("json") )
{
    // return the name of the response you want to dispatch
    return "JSON Response"
}


// Match based on query parameter
def queryString = mockRequest.getRequest().getQueryString()
log.info "QueryString: " + queryString

if( queryString.contains("stockholm") )
{
    // return the name of the response you want to dispatch
    return "Response Stockholm"
}
else if( queryString.contains("london") )
{
    // return the name of the response you want to dispatch
    return "Response London"
}


// Match based on header
def acceptEncodingHeadeList = mockRequest.getRequestHeaders().get("Accept-Encoding")
log.info "AcceptEncodig Header List: " + acceptEncodingHeadeList

if( acceptEncodingHeadeList.contains("gzip,deflate") )
{
    // return the name of the response you want to dispatch
    return "GZiped Response"
}

*/
</con:dispatchPath><con:response name="deploymentsForTestREST1.2 Response" httpResponseStatus="200" mediaType="application/json" id="5baa3b55-905d-4248-9397-2f8bef8a5ef9"><con:settings/><con:responseContent>{"deployments":[{"startDate":1411635297497,"agent":{"name":"soapui","version":"5.0.0","deployments":[]},"component":{"name":"testREST","version":"1.2","deployments":[]},"environment":{"name":"QUALIF2","qualifier":"p9","deployments":[]}},{"startDate":1411636274845,"agent":{"name":"soapui","version":"5.0.0","deployments":[]},"component":{"name":"testREST","version":"1.2","deployments":[]},"environment":{"name":"QUALIF2","qualifier":"p9","deployments":[]}},{"startDate":1411636383627,"agent":{"name":"soapui","version":"5.0.0","deployments":[]},"component":{"name":"testREST","version":"1.2","deployments":[]},"environment":{"name":"QUALIF2","qualifier":"p9","deployments":[]}},{"startDate":1411636400887,"agent":{"name":"soapui","version":"5.0.0","deployments":[]},"component":{"name":"testREST","version":"1.2","deployments":[]},"environment":{"name":"QUALIF2","qualifier":"p9","deployments":[]}},{"startDate":1411636406559,"agent":{"name":"soapui","version":"5.0.0","deployments":[]},"component":{"name":"testREST","version":"1.2","deployments":[]},"environment":{"name":"QUALIF2","qualifier":"p9","deployments":[]}},{"startDate":1411636412826,"agent":{"name":"soapui","version":"5.0.0","deployments":[]},"component":{"name":"testREST","version":"1.2","deployments":[]},"environment":{"name":"QUALIF2","qualifier":"p9","deployments":[]}},{"startDate":1411636753587,"agent":{"name":"soapui","version":"5.0.0","deployments":[]},"component":{"name":"testREST","version":"1.2","deployments":[]},"environment":{"name":"QUALIF2","qualifier":"p9","deployments":[]}}]}</con:responseContent></con:response></con:restMockAction><con:restMockAction name="/deployment/byComponent/{component}/{version}.json" method="GET" resourcePath="/deployment/byComponent/testREST/1.3.json" id="fd37018e-f134-45b3-abc2-ff7c4f510751"><con:settings/><con:defaultResponse xsi:nil="true" xmlns:xsi="http://www.w3.org/2001/XMLSchema-instance"/><con:dispatchStyle>SEQUENCE</con:dispatchStyle><con:dispatchPath>def requestPath = mockRequest.getPath()
log.info "Path: "+ requestPath

/*
// Examples showing how to match based on path, query param and header
// Match based on path
def requestPath = mockRequest.getPath()
log.info "Path: "+ requestPath

if( requestPath.contains("json") )
{
    // return the name of the response you want to dispatch
    return "JSON Response"
}


// Match based on query parameter
def queryString = mockRequest.getRequest().getQueryString()
log.info "QueryString: " + queryString

if( queryString.contains("stockholm") )
{
    // return the name of the response you want to dispatch
    return "Response Stockholm"
}
else if( queryString.contains("london") )
{
    // return the name of the response you want to dispatch
    return "Response London"
}


// Match based on header
def acceptEncodingHeadeList = mockRequest.getRequestHeaders().get("Accept-Encoding")
log.info "AcceptEncodig Header List: " + acceptEncodingHeadeList

if( acceptEncodingHeadeList.contains("gzip,deflate") )
{
    // return the name of the response you want to dispatch
    return "GZiped Response"
}

*/
</con:dispatchPath><con:response name="deploymentsForTestREST1.3 Response" httpResponseStatus="200" mediaType="application/json" id="7f899a00-b86d-4a11-ab05-238a8624cd9c"><con:settings/><con:responseContent>{"deployments":[]}</con:responseContent></con:response></con:restMockAction><con:restMockAction name="/deployment/byEnvironment/{environment}/{qualifier}.json" method="GET" resourcePath="/deployment/byEnvironment/QUALIF2/cdsm.json" id="dcb2400a-81cc-408a-a0a5-63889937b66f"><con:settings/><con:defaultResponse>deploymentsForQUALIF2cdsm2 Response</con:defaultResponse><con:dispatchStyle>SCRIPT</con:dispatchStyle><con:dispatchPath>

// Match based on query parameter
def queryString = mockRequest.getRequest().getQueryString()
log.info "QueryString: " + queryString

if ( queryString.contains("startDate=2013-09") ){
    // return the name of the response you want to dispatch
    log.info "Returning deploymentsForQUALIF2cdsm Response"
    return "deploymentsForQUALIF2cdsm Response"
}
else if ( queryString.contains("startDate=2013-10") ){
    // return the name of the response you want to dispatch
    log.info "Returning deploymentsForQUALIF2cdsm2 Response"
    return "deploymentsForQUALIF2cdsm2 Response"
}
</con:dispatchPath><con:response name="deploymentsForQUALIF2cdsm Response" httpResponseStatus="200" mediaType="application/json" id="bbe307b5-3e70-4d0f-8395-7f2f15427feb"><con:settings/><con:responseContent>{"deployments":[{"startDate":1411635297497,"agent":{"name":"soapui","version":"5.0.0","deployments":[]},"component":{"name":"testREST","version":"1.2","deployments":[]},"environment":{"name":"QUALIF2","qualifier":"cdsm","deployments":[]}}}]}</con:responseContent></con:response><con:response name="deploymentsForQUALIF2cdsm2 Response" httpResponseStatus="200" mediaType="application/json" id="eb085931-5d9f-40de-a5da-c0656c015adf"><con:settings/><con:responseContent>{"deployments":[{"startDate":1411635297497,"agent":{"name":"soapui","version":"5.1.0","deployments":[]},"component":{"name":"testREST","version":"1.3","deployments":[]},"environment":{"name":"QUALIF2","qualifier":"cdsm","deployments":[]}}}]}</con:responseContent></con:response></con:restMockAction></con:restMockService><con:properties/><con:wssContainer/><con:oAuth2ProfileContainer/><con:sensitiveInformation/></con:soapui-project>